<?xml version="1.0" encoding="UTF-8"?>
<!-- Generated by org.testng.reporters.JUnitReportReporter -->
<testsuite hostname="DESKTOP-986N9KC" failures="0" tests="2" name="com.ups.testRunner.UpsTrackingTestRunner" time="57.886" errors="0" timestamp="2020-12-09T17:33:34 PST" skipped="0">
  <testcase classname="com.ups.testRunner.UpsTrackingTestRunner" name="shipping" time="26.008"/>
  <system-out/>
  <testcase classname="com.ups.testRunner.UpsTrackingTestRunner" name="shipping" time="31.878"/>
  <system-out/>
</testsuite> <!-- com.ups.testRunner.UpsTrackingTestRunner -->
