<?xml version="1.0" encoding="UTF-8"?>
<!-- Generated by org.testng.reporters.JUnitReportReporter -->
<testsuite hostname="DESKTOP-986N9KC" failures="0" tests="1" name="com.ups.testRunner.UpsShippingTestRunner" time="30.749" errors="0" timestamp="2020-12-12T16:59:28 PST" skipped="0">
  <testcase classname="com.ups.testRunner.UpsShippingTestRunner" name="shipping" time="30.749"/>
  <system-out/>
</testsuite> <!-- com.ups.testRunner.UpsShippingTestRunner -->
