<?xml version="1.0" encoding="UTF-8"?>
<!-- Generated by org.testng.reporters.JUnitReportReporter -->
<testsuite hostname="DESKTOP-986N9KC" failures="0" tests="2" name="com.ups.testRunner.UpsLoginTestRunner" time="39.258" errors="0" timestamp="2020-12-10T22:04:52 PST" skipped="0">
  <testcase classname="com.ups.testRunner.UpsLoginTestRunner" name="login" time="24.980"/>
  <system-out/>
  <testcase classname="com.ups.testRunner.UpsLoginTestRunner" name="forgotlogin" time="14.278"/>
  <system-out/>
</testsuite> <!-- com.ups.testRunner.UpsLoginTestRunner -->
