<?xml version="1.0" encoding="UTF-8"?>
<!-- Generated by org.testng.reporters.JUnitReportReporter -->
<testsuite hostname="DESKTOP-986N9KC" failures="0" tests="2" name="com.ups.testRunner.UpsShippingTestRunner" time="63.095" errors="0" timestamp="2020-12-09T16:26:04 PST" skipped="0">
  <testcase classname="com.ups.testRunner.UpsShippingTestRunner" name="shipping" time="29.886"/>
  <system-out/>
  <testcase classname="com.ups.testRunner.UpsShippingTestRunner" name="shipping" time="33.209"/>
  <system-out/>
</testsuite> <!-- com.ups.testRunner.UpsShippingTestRunner -->
